<?xml version="1.0" encoding="UTF-8"?>
<testsuite xmlns:xsi="http://www.w3.org/2001/XMLSchema-instance" xsi:noNamespaceSchemaLocation="https://maven.apache.org/surefire/maven-surefire-plugin/xsd/surefire-test-report.xsd" name="org.wit.repository.ActivityDAOTest" time="2.055" tests="13" errors="0" skipped="0" failures="0">
  <properties>
[...]
</properties>
  <testcase name="multiple activities added to table can be retrieved successfully" classname="org.wit.repository.ActivityDAOTest$CreateActivities" time="1.444"/>
  <testcase name="getting all activities from a populated table returns all rows" classname="org.wit.repository.ActivityDAOTest$ReadActivities" time="0.032"/>
  <testcase name="get activity by user id that exists, results in a correct activitie{s} returned" classname="org.wit.repository.ActivityDAOTest$ReadActivities" time="0.032"/>
  <testcase name="get activity by activity id that exists, results in a correct activity returned" classname="org.wit.repository.ActivityDAOTest$ReadActivities" time="0.035"/>
  <testcase name="get activity by user id that has no activities, results in no record returned" classname="org.wit.repository.ActivityDAOTest$ReadActivities" time="0.032"/>
  <testcase name="get all activities over empty table returns none" classname="org.wit.repository.ActivityDAOTest$ReadActivities" time="0.015"/>
  <testcase name="get activity by activity id that has no records, results in no record returned" classname="org.wit.repository.ActivityDAOTest$ReadActivities" time="0.047"/>
  <testcase name="updating existing activity in table results in successful update" classname="org.wit.repository.ActivityDAOTest$UpdateActivities" time="0.043"/>
  <testcase name="updating non-existant activity in table results in no updates" classname="org.wit.repository.ActivityDAOTest$UpdateActivities" time="0.041"/>
  <testcase name="deleting a non-existant activity {by id} in table results in no deletion" classname="org.wit.repository.ActivityDAOTest$DeleteActivities" time="0.054"/>
  <testcase name="deleting activities when 1 or more exist for user id results in deletion" classname="org.wit.repository.ActivityDAOTest$DeleteActivities" time="0.054"/>
  <testcase name="deleting activities when none exist for user id results in no deletion" classname="org.wit.repository.ActivityDAOTest$DeleteActivities" time="0.038"/>
  <testcase name="deleting an existing activity {by id} in table results in record being deleted" classname="org.wit.repository.ActivityDAOTest$DeleteActivities" time="0.034"/>
</testsuite>